<?xml version="1.0" encoding="UTF-8"?>
<testsuite name="MetaCoinContractTest" tests="1" skipped="0" failures="0" errors="0" timestamp="2018-11-12T01:13:02" hostname="HAEWONui-MacBook-Pro.local" time="0.021">
  <properties/>
  <testcase name="genesis" classname="MetaCoinContractTest" time="0.021"/>
  <system-out><![CDATA[]]></system-out>
  <system-err><![CDATA[SLF4J: Failed to load class "org.slf4j.impl.StaticLoggerBinder".
SLF4J: Defaulting to no-operation (NOP) logger implementation
SLF4J: See http://www.slf4j.org/codes.html#StaticLoggerBinder for further details.
]]></system-err>
</testsuite>
